{"level":"info","message":"Listening on port 3001..."}
{"level":"info","message":"Connected to mongodb://localhost/sponsortrail..."}
{"level":"info","message":"Listening on port 3001..."}
{"level":"info","message":"Listening on port 3001..."}
[32minfo[39m:    Listening on port 3001...
[32minfo[39m:    Listening on port 3001...
2024-09-11T17:42:20.094Z info: Listening on port 3001...
2024-09-11T17:42:48.692Z info: Listening on port 3001...
2024-09-11T17:42:48.706Z error: winston is not defined
2024-09-11T17:43:14.183Z info: Listening on port 3001...
2024-09-11T17:43:14.196Z info: Connected to mongodb://localhost/sponsortrail...
2024-09-11T17:46:50.171Z info: Listening on port 3001...
2024-09-11T17:46:50.193Z info: Connected to mongodb://localhost/sponsortrail...
2024-09-11T17:47:00.819Z info: Listening on port 3001...
2024-09-11T17:47:00.844Z info: Connected to mongodb://localhost/sponsortrail...
2024-09-11T17:47:21.104Z info: Listening on port 3001...
2024-09-11T17:47:21.118Z info: Connected to mongodb://localhost/sponsortrail...
2024-09-11T17:47:41.300Z info: Listening on port 3001...
2024-09-11T17:47:41.313Z info: Connected to mongodb://localhost/sponsortrail...
2024-09-11T17:49:40.863Z info: Listening on port 3001...
2024-09-11T17:49:40.877Z info: Connected to mongodb://localhost/sponsortrail...
2024-09-11T17:49:53.847Z info: Listening on port 3001...
2024-09-11T17:49:53.867Z info: Connected to mongodb://localhost/sponsortrail...
2024-09-11T17:50:03.639Z info: Listening on port 3001...
2024-09-11T17:50:03.653Z info: Connected to mongodb://localhost/sponsortrail...
2024-09-12T02:02:13.836Z info: Listening on port 3001...
2024-09-12T02:02:14.523Z error: MongoServerError: bad auth : authentication failed
    at Connection.onMessage (/Users/jacobbowlware/Documents/Code/React-Projects/SponsorTrail/server/node_modules/mongodb/lib/cmap/connection.js:205:26)
    at MessageStream.<anonymous> (/Users/jacobbowlware/Documents/Code/React-Projects/SponsorTrail/server/node_modules/mongodb/lib/cmap/connection.js:64:60)
    at MessageStream.emit (node:events:513:28)
    at processIncomingData (/Users/jacobbowlware/Documents/Code/React-Projects/SponsorTrail/server/node_modules/mongodb/lib/cmap/message_stream.js:117:16)
    at MessageStream._write (/Users/jacobbowlware/Documents/Code/React-Projects/SponsorTrail/server/node_modules/mongodb/lib/cmap/message_stream.js:33:9)
    at writeOrBuffer (node:internal/streams/writable:392:12)
    at _write (node:internal/streams/writable:333:10)
    at Writable.write (node:internal/streams/writable:337:10)
    at TLSSocket.ondata (node:internal/streams/readable:766:22)
    at TLSSocket.emit (node:events:513:28)
2024-09-12T02:03:21.266Z info: Listening on port 3001...
2024-09-12T02:03:21.842Z error: MongoServerError: bad auth : authentication failed
    at Connection.onMessage (/Users/jacobbowlware/Documents/Code/React-Projects/SponsorTrail/server/node_modules/mongodb/lib/cmap/connection.js:205:26)
    at MessageStream.<anonymous> (/Users/jacobbowlware/Documents/Code/React-Projects/SponsorTrail/server/node_modules/mongodb/lib/cmap/connection.js:64:60)
    at MessageStream.emit (node:events:513:28)
    at processIncomingData (/Users/jacobbowlware/Documents/Code/React-Projects/SponsorTrail/server/node_modules/mongodb/lib/cmap/message_stream.js:117:16)
    at MessageStream._write (/Users/jacobbowlware/Documents/Code/React-Projects/SponsorTrail/server/node_modules/mongodb/lib/cmap/message_stream.js:33:9)
    at writeOrBuffer (node:internal/streams/writable:392:12)
    at _write (node:internal/streams/writable:333:10)
    at Writable.write (node:internal/streams/writable:337:10)
    at TLSSocket.ondata (node:internal/streams/readable:766:22)
    at TLSSocket.emit (node:events:513:28)
2024-09-12T02:04:18.657Z info: Listening on port 3001...
2024-09-12T02:04:24.422Z error: MongoServerError: bad auth : authentication failed
    at Connection.onMessage (/Users/jacobbowlware/Documents/Code/React-Projects/SponsorTrail/server/node_modules/mongodb/lib/cmap/connection.js:205:26)
    at MessageStream.<anonymous> (/Users/jacobbowlware/Documents/Code/React-Projects/SponsorTrail/server/node_modules/mongodb/lib/cmap/connection.js:64:60)
    at MessageStream.emit (node:events:513:28)
    at processIncomingData (/Users/jacobbowlware/Documents/Code/React-Projects/SponsorTrail/server/node_modules/mongodb/lib/cmap/message_stream.js:117:16)
    at MessageStream._write (/Users/jacobbowlware/Documents/Code/React-Projects/SponsorTrail/server/node_modules/mongodb/lib/cmap/message_stream.js:33:9)
    at writeOrBuffer (node:internal/streams/writable:392:12)
    at _write (node:internal/streams/writable:333:10)
    at Writable.write (node:internal/streams/writable:337:10)
    at TLSSocket.ondata (node:internal/streams/readable:766:22)
    at TLSSocket.emit (node:events:513:28)
2024-09-12T02:05:02.730Z info: Listening on port 3001...
2024-09-12T02:05:03.315Z error: MongoServerError: bad auth : authentication failed
    at Connection.onMessage (/Users/jacobbowlware/Documents/Code/React-Projects/SponsorTrail/server/node_modules/mongodb/lib/cmap/connection.js:205:26)
    at MessageStream.<anonymous> (/Users/jacobbowlware/Documents/Code/React-Projects/SponsorTrail/server/node_modules/mongodb/lib/cmap/connection.js:64:60)
    at MessageStream.emit (node:events:513:28)
    at processIncomingData (/Users/jacobbowlware/Documents/Code/React-Projects/SponsorTrail/server/node_modules/mongodb/lib/cmap/message_stream.js:117:16)
    at MessageStream._write (/Users/jacobbowlware/Documents/Code/React-Projects/SponsorTrail/server/node_modules/mongodb/lib/cmap/message_stream.js:33:9)
    at writeOrBuffer (node:internal/streams/writable:392:12)
    at _write (node:internal/streams/writable:333:10)
    at Writable.write (node:internal/streams/writable:337:10)
    at TLSSocket.ondata (node:internal/streams/readable:766:22)
    at TLSSocket.emit (node:events:513:28)
2024-09-12T02:09:22.965Z info: Listening on port 3001...
2024-09-12T02:09:23.670Z error: MongoServerError: bad auth : authentication failed
    at Connection.onMessage (/Users/jacobbowlware/Documents/Code/React-Projects/SponsorTrail/server/node_modules/mongodb/lib/cmap/connection.js:205:26)
    at MessageStream.<anonymous> (/Users/jacobbowlware/Documents/Code/React-Projects/SponsorTrail/server/node_modules/mongodb/lib/cmap/connection.js:64:60)
    at MessageStream.emit (node:events:513:28)
    at processIncomingData (/Users/jacobbowlware/Documents/Code/React-Projects/SponsorTrail/server/node_modules/mongodb/lib/cmap/message_stream.js:117:16)
    at MessageStream._write (/Users/jacobbowlware/Documents/Code/React-Projects/SponsorTrail/server/node_modules/mongodb/lib/cmap/message_stream.js:33:9)
    at writeOrBuffer (node:internal/streams/writable:392:12)
    at _write (node:internal/streams/writable:333:10)
    at Writable.write (node:internal/streams/writable:337:10)
    at TLSSocket.ondata (node:internal/streams/readable:766:22)
    at TLSSocket.emit (node:events:513:28)
2024-09-12T02:11:22.030Z info: Listening on port 3001...
2024-09-12T02:11:22.876Z info: Connected to mongodb://localhost/sponsortrail...
2024-09-12T02:11:44.597Z info: Listening on port 3001...
2024-09-12T02:11:45.170Z info: Connected to MongoDB...
2024-09-14T21:06:30.505Z error: MongoServerError: bad auth : authentication failed
    at Connection.onMessage (/Users/jacobbowlware/Documents/Code/React-Projects/SponsorTrail/server/node_modules/mongodb/src/cmap/connection.ts:421:18)
    at MessageStream.<anonymous> (/Users/jacobbowlware/Documents/Code/React-Projects/SponsorTrail/server/node_modules/mongodb/src/cmap/connection.ts:251:56)
    at MessageStream.emit (node:events:513:28)
    at processIncomingData (/Users/jacobbowlware/Documents/Code/React-Projects/SponsorTrail/server/node_modules/mongodb/src/cmap/message_stream.ts:179:12)
    at MessageStream._write (/Users/jacobbowlware/Documents/Code/React-Projects/SponsorTrail/server/node_modules/mongodb/src/cmap/message_stream.ts:68:5)
    at writeOrBuffer (node:internal/streams/writable:392:12)
    at _write (node:internal/streams/writable:333:10)
    at MessageStream.Writable.write (node:internal/streams/writable:337:10)
    at TLSSocket.ondata (node:internal/streams/readable:766:22)
    at TLSSocket.emit (node:events:513:28)
    at addChunk (node:internal/streams/readable:324:12)
    at readableAddChunk (node:internal/streams/readable:297:9)
    at TLSSocket.Readable.push (node:internal/streams/readable:234:10)
    at TLSWrap.onStreamRead (node:internal/stream_base_commons:190:23)
2024-09-14T21:13:49.728Z error: MongoServerError: bad auth : authentication failed
    at Connection.onMessage (/Users/jacobbowlware/Documents/Code/React-Projects/SponsorTrail/server/node_modules/mongodb/src/cmap/connection.ts:421:18)
    at MessageStream.<anonymous> (/Users/jacobbowlware/Documents/Code/React-Projects/SponsorTrail/server/node_modules/mongodb/src/cmap/connection.ts:251:56)
    at MessageStream.emit (node:events:513:28)
    at processIncomingData (/Users/jacobbowlware/Documents/Code/React-Projects/SponsorTrail/server/node_modules/mongodb/src/cmap/message_stream.ts:179:12)
    at MessageStream._write (/Users/jacobbowlware/Documents/Code/React-Projects/SponsorTrail/server/node_modules/mongodb/src/cmap/message_stream.ts:68:5)
    at writeOrBuffer (node:internal/streams/writable:392:12)
    at _write (node:internal/streams/writable:333:10)
    at MessageStream.Writable.write (node:internal/streams/writable:337:10)
    at TLSSocket.ondata (node:internal/streams/readable:766:22)
    at TLSSocket.emit (node:events:513:28)
    at addChunk (node:internal/streams/readable:324:12)
    at readableAddChunk (node:internal/streams/readable:297:9)
    at TLSSocket.Readable.push (node:internal/streams/readable:234:10)
    at TLSWrap.onStreamRead (node:internal/stream_base_commons:190:23)
2024-09-14T21:16:21.142Z error: MongoServerError: bad auth : authentication failed
    at Connection.onMessage (/Users/jacobbowlware/Documents/Code/React-Projects/SponsorTrail/server/node_modules/mongodb/src/cmap/connection.ts:421:18)
    at MessageStream.<anonymous> (/Users/jacobbowlware/Documents/Code/React-Projects/SponsorTrail/server/node_modules/mongodb/src/cmap/connection.ts:251:56)
    at MessageStream.emit (node:events:513:28)
    at processIncomingData (/Users/jacobbowlware/Documents/Code/React-Projects/SponsorTrail/server/node_modules/mongodb/src/cmap/message_stream.ts:179:12)
    at MessageStream._write (/Users/jacobbowlware/Documents/Code/React-Projects/SponsorTrail/server/node_modules/mongodb/src/cmap/message_stream.ts:68:5)
    at writeOrBuffer (node:internal/streams/writable:392:12)
    at _write (node:internal/streams/writable:333:10)
    at MessageStream.Writable.write (node:internal/streams/writable:337:10)
    at TLSSocket.ondata (node:internal/streams/readable:766:22)
    at TLSSocket.emit (node:events:513:28)
    at addChunk (node:internal/streams/readable:324:12)
    at readableAddChunk (node:internal/streams/readable:297:9)
    at TLSSocket.Readable.push (node:internal/streams/readable:234:10)
    at TLSWrap.onStreamRead (node:internal/stream_base_commons:190:23)
2024-09-14T21:17:02.721Z error: MongoServerError: bad auth : authentication failed
    at Connection.onMessage (/Users/jacobbowlware/Documents/Code/React-Projects/SponsorTrail/server/node_modules/mongodb/src/cmap/connection.ts:421:18)
    at MessageStream.<anonymous> (/Users/jacobbowlware/Documents/Code/React-Projects/SponsorTrail/server/node_modules/mongodb/src/cmap/connection.ts:251:56)
    at MessageStream.emit (node:events:513:28)
    at processIncomingData (/Users/jacobbowlware/Documents/Code/React-Projects/SponsorTrail/server/node_modules/mongodb/src/cmap/message_stream.ts:179:12)
    at MessageStream._write (/Users/jacobbowlware/Documents/Code/React-Projects/SponsorTrail/server/node_modules/mongodb/src/cmap/message_stream.ts:68:5)
    at writeOrBuffer (node:internal/streams/writable:392:12)
    at _write (node:internal/streams/writable:333:10)
    at MessageStream.Writable.write (node:internal/streams/writable:337:10)
    at TLSSocket.ondata (node:internal/streams/readable:766:22)
    at TLSSocket.emit (node:events:513:28)
    at addChunk (node:internal/streams/readable:324:12)
    at readableAddChunk (node:internal/streams/readable:297:9)
    at TLSSocket.Readable.push (node:internal/streams/readable:234:10)
    at TLSWrap.onStreamRead (node:internal/stream_base_commons:190:23)
2024-09-14T21:17:43.211Z error: MongoServerError: bad auth : authentication failed
    at Connection.onMessage (/Users/jacobbowlware/Documents/Code/React-Projects/SponsorTrail/server/node_modules/mongodb/src/cmap/connection.ts:421:18)
    at MessageStream.<anonymous> (/Users/jacobbowlware/Documents/Code/React-Projects/SponsorTrail/server/node_modules/mongodb/src/cmap/connection.ts:251:56)
    at MessageStream.emit (node:events:513:28)
    at processIncomingData (/Users/jacobbowlware/Documents/Code/React-Projects/SponsorTrail/server/node_modules/mongodb/src/cmap/message_stream.ts:179:12)
    at MessageStream._write (/Users/jacobbowlware/Documents/Code/React-Projects/SponsorTrail/server/node_modules/mongodb/src/cmap/message_stream.ts:68:5)
    at writeOrBuffer (node:internal/streams/writable:392:12)
    at _write (node:internal/streams/writable:333:10)
    at MessageStream.Writable.write (node:internal/streams/writable:337:10)
    at TLSSocket.ondata (node:internal/streams/readable:766:22)
    at TLSSocket.emit (node:events:513:28)
    at addChunk (node:internal/streams/readable:324:12)
    at readableAddChunk (node:internal/streams/readable:297:9)
    at TLSSocket.Readable.push (node:internal/streams/readable:234:10)
    at TLSWrap.onStreamRead (node:internal/stream_base_commons:190:23)
2024-09-14T21:18:24.807Z error: MongoServerError: bad auth : authentication failed
    at Connection.onMessage (/Users/jacobbowlware/Documents/Code/React-Projects/SponsorTrail/server/node_modules/mongodb/src/cmap/connection.ts:421:18)
    at MessageStream.<anonymous> (/Users/jacobbowlware/Documents/Code/React-Projects/SponsorTrail/server/node_modules/mongodb/src/cmap/connection.ts:251:56)
    at MessageStream.emit (node:events:513:28)
    at processIncomingData (/Users/jacobbowlware/Documents/Code/React-Projects/SponsorTrail/server/node_modules/mongodb/src/cmap/message_stream.ts:179:12)
    at MessageStream._write (/Users/jacobbowlware/Documents/Code/React-Projects/SponsorTrail/server/node_modules/mongodb/src/cmap/message_stream.ts:68:5)
    at writeOrBuffer (node:internal/streams/writable:392:12)
    at _write (node:internal/streams/writable:333:10)
    at MessageStream.Writable.write (node:internal/streams/writable:337:10)
    at TLSSocket.ondata (node:internal/streams/readable:766:22)
    at TLSSocket.emit (node:events:513:28)
    at addChunk (node:internal/streams/readable:324:12)
    at readableAddChunk (node:internal/streams/readable:297:9)
    at TLSSocket.Readable.push (node:internal/streams/readable:234:10)
    at TLSWrap.onStreamRead (node:internal/stream_base_commons:190:23)
2024-09-14T21:19:31.892Z error: MongoServerError: bad auth : authentication failed
    at Connection.onMessage (/Users/jacobbowlware/Documents/Code/React-Projects/SponsorTrail/server/node_modules/mongodb/src/cmap/connection.ts:421:18)
    at MessageStream.<anonymous> (/Users/jacobbowlware/Documents/Code/React-Projects/SponsorTrail/server/node_modules/mongodb/src/cmap/connection.ts:251:56)
    at MessageStream.emit (node:events:513:28)
    at processIncomingData (/Users/jacobbowlware/Documents/Code/React-Projects/SponsorTrail/server/node_modules/mongodb/src/cmap/message_stream.ts:179:12)
    at MessageStream._write (/Users/jacobbowlware/Documents/Code/React-Projects/SponsorTrail/server/node_modules/mongodb/src/cmap/message_stream.ts:68:5)
    at writeOrBuffer (node:internal/streams/writable:392:12)
    at _write (node:internal/streams/writable:333:10)
    at MessageStream.Writable.write (node:internal/streams/writable:337:10)
    at TLSSocket.ondata (node:internal/streams/readable:766:22)
    at TLSSocket.emit (node:events:513:28)
    at addChunk (node:internal/streams/readable:324:12)
    at readableAddChunk (node:internal/streams/readable:297:9)
    at TLSSocket.Readable.push (node:internal/streams/readable:234:10)
    at TLSWrap.onStreamRead (node:internal/stream_base_commons:190:23)
2024-09-14T21:20:12.988Z error: MongoServerError: bad auth : authentication failed
    at Connection.onMessage (/Users/jacobbowlware/Documents/Code/React-Projects/SponsorTrail/server/node_modules/mongodb/src/cmap/connection.ts:421:18)
    at MessageStream.<anonymous> (/Users/jacobbowlware/Documents/Code/React-Projects/SponsorTrail/server/node_modules/mongodb/src/cmap/connection.ts:251:56)
    at MessageStream.emit (node:events:513:28)
    at processIncomingData (/Users/jacobbowlware/Documents/Code/React-Projects/SponsorTrail/server/node_modules/mongodb/src/cmap/message_stream.ts:179:12)
    at MessageStream._write (/Users/jacobbowlware/Documents/Code/React-Projects/SponsorTrail/server/node_modules/mongodb/src/cmap/message_stream.ts:68:5)
    at writeOrBuffer (node:internal/streams/writable:392:12)
    at _write (node:internal/streams/writable:333:10)
    at MessageStream.Writable.write (node:internal/streams/writable:337:10)
    at TLSSocket.ondata (node:internal/streams/readable:766:22)
    at TLSSocket.emit (node:events:513:28)
    at addChunk (node:internal/streams/readable:324:12)
    at readableAddChunk (node:internal/streams/readable:297:9)
    at TLSSocket.Readable.push (node:internal/streams/readable:234:10)
    at TLSWrap.onStreamRead (node:internal/stream_base_commons:190:23)
2024-09-14T21:20:54.335Z error: MongoServerError: bad auth : authentication failed
    at Connection.onMessage (/Users/jacobbowlware/Documents/Code/React-Projects/SponsorTrail/server/node_modules/mongodb/src/cmap/connection.ts:421:18)
    at MessageStream.<anonymous> (/Users/jacobbowlware/Documents/Code/React-Projects/SponsorTrail/server/node_modules/mongodb/src/cmap/connection.ts:251:56)
    at MessageStream.emit (node:events:513:28)
    at processIncomingData (/Users/jacobbowlware/Documents/Code/React-Projects/SponsorTrail/server/node_modules/mongodb/src/cmap/message_stream.ts:179:12)
    at MessageStream._write (/Users/jacobbowlware/Documents/Code/React-Projects/SponsorTrail/server/node_modules/mongodb/src/cmap/message_stream.ts:68:5)
    at writeOrBuffer (node:internal/streams/writable:392:12)
    at _write (node:internal/streams/writable:333:10)
    at MessageStream.Writable.write (node:internal/streams/writable:337:10)
    at TLSSocket.ondata (node:internal/streams/readable:766:22)
    at TLSSocket.emit (node:events:513:28)
    at addChunk (node:internal/streams/readable:324:12)
    at readableAddChunk (node:internal/streams/readable:297:9)
    at TLSSocket.Readable.push (node:internal/streams/readable:234:10)
    at TLSWrap.onStreamRead (node:internal/stream_base_commons:190:23)
2024-09-14T21:27:41.723Z error: MongoServerError: bad auth : authentication failed
    at Connection.onMessage (/Users/jacobbowlware/Documents/Code/React-Projects/SponsorTrail/server/node_modules/mongodb/src/cmap/connection.ts:421:18)
    at MessageStream.<anonymous> (/Users/jacobbowlware/Documents/Code/React-Projects/SponsorTrail/server/node_modules/mongodb/src/cmap/connection.ts:251:56)
    at MessageStream.emit (node:events:513:28)
    at processIncomingData (/Users/jacobbowlware/Documents/Code/React-Projects/SponsorTrail/server/node_modules/mongodb/src/cmap/message_stream.ts:179:12)
    at MessageStream._write (/Users/jacobbowlware/Documents/Code/React-Projects/SponsorTrail/server/node_modules/mongodb/src/cmap/message_stream.ts:68:5)
    at writeOrBuffer (node:internal/streams/writable:392:12)
    at _write (node:internal/streams/writable:333:10)
    at MessageStream.Writable.write (node:internal/streams/writable:337:10)
    at TLSSocket.ondata (node:internal/streams/readable:766:22)
    at TLSSocket.emit (node:events:513:28)
    at addChunk (node:internal/streams/readable:324:12)
    at readableAddChunk (node:internal/streams/readable:297:9)
    at TLSSocket.Readable.push (node:internal/streams/readable:234:10)
    at TLSWrap.onStreamRead (node:internal/stream_base_commons:190:23)
2024-09-14T21:30:50.531Z info: Listening on port 3001...
2024-09-14T21:30:51.175Z error: MongoServerError: bad auth : authentication failed
    at Connection.onMessage (/Users/jacobbowlware/Documents/Code/React-Projects/SponsorTrail/server/node_modules/mongodb/lib/cmap/connection.js:205:26)
    at MessageStream.<anonymous> (/Users/jacobbowlware/Documents/Code/React-Projects/SponsorTrail/server/node_modules/mongodb/lib/cmap/connection.js:64:60)
    at MessageStream.emit (node:events:513:28)
    at processIncomingData (/Users/jacobbowlware/Documents/Code/React-Projects/SponsorTrail/server/node_modules/mongodb/lib/cmap/message_stream.js:117:16)
    at MessageStream._write (/Users/jacobbowlware/Documents/Code/React-Projects/SponsorTrail/server/node_modules/mongodb/lib/cmap/message_stream.js:33:9)
    at writeOrBuffer (node:internal/streams/writable:392:12)
    at _write (node:internal/streams/writable:333:10)
    at Writable.write (node:internal/streams/writable:337:10)
    at TLSSocket.ondata (node:internal/streams/readable:766:22)
    at TLSSocket.emit (node:events:513:28)
2024-09-24T01:06:53.400Z info: Listening on port 3001...
2024-09-24T01:06:54.026Z error: MongoServerError: bad auth : authentication failed
    at Connection.onMessage (/Users/jacobbowlware/Documents/Code/React-Projects/SponsorTrail/server/node_modules/mongodb/lib/cmap/connection.js:205:26)
    at MessageStream.<anonymous> (/Users/jacobbowlware/Documents/Code/React-Projects/SponsorTrail/server/node_modules/mongodb/lib/cmap/connection.js:64:60)
    at MessageStream.emit (node:events:513:28)
    at processIncomingData (/Users/jacobbowlware/Documents/Code/React-Projects/SponsorTrail/server/node_modules/mongodb/lib/cmap/message_stream.js:117:16)
    at MessageStream._write (/Users/jacobbowlware/Documents/Code/React-Projects/SponsorTrail/server/node_modules/mongodb/lib/cmap/message_stream.js:33:9)
    at writeOrBuffer (node:internal/streams/writable:392:12)
    at _write (node:internal/streams/writable:333:10)
    at Writable.write (node:internal/streams/writable:337:10)
    at TLSSocket.ondata (node:internal/streams/readable:766:22)
    at TLSSocket.emit (node:events:513:28)
